SDL2-2.32.8/android-project/app/build/intermediates/manifest_merge_blame_file/debug/manifest-merger-blame-debug-report.txt
1<?xml version="1.0" encoding="utf-8"?>
2<!--
3 Replace com.test.game with the identifier of your game below, e.g.
4     com.gamemaker.game
5-->
6<manifest xmlns:android="http://schemas.android.com/apk/res/android"
7    package="org.libsdl.app"
8    android:installLocation="auto"
9    android:versionCode="1"
10    android:versionName="1.0" >
11
12    <uses-sdk
13        android:minSdkVersion="19"
14        android:targetSdkVersion="34" />
15
16    <!-- OpenGL ES 2.0 -->
17    <uses-feature android:glEsVersion="0x00020000" />
17-->src/main/AndroidManifest.xml:11:5-54
17-->src/main/AndroidManifest.xml:11:19-51
18
19    <!-- Touchscreen support -->
20    <uses-feature
20-->src/main/AndroidManifest.xml:14:5-16:36
21        android:name="android.hardware.touchscreen"
21-->src/main/AndroidManifest.xml:15:9-52
22        android:required="false" />
22-->src/main/AndroidManifest.xml:16:9-33
23
24    <!-- Game controller support -->
25    <uses-feature
25-->src/main/AndroidManifest.xml:19:5-21:36
26        android:name="android.hardware.bluetooth"
26-->src/main/AndroidManifest.xml:20:9-50
27        android:required="false" />
27-->src/main/AndroidManifest.xml:21:9-33
28    <uses-feature
28-->src/main/AndroidManifest.xml:22:5-24:36
29        android:name="android.hardware.gamepad"
29-->src/main/AndroidManifest.xml:23:9-48
30        android:required="false" />
30-->src/main/AndroidManifest.xml:24:9-33
31    <uses-feature
31-->src/main/AndroidManifest.xml:25:5-27:36
32        android:name="android.hardware.usb.host"
32-->src/main/AndroidManifest.xml:26:9-49
33        android:required="false" />
33-->src/main/AndroidManifest.xml:27:9-33
34
35    <!-- External mouse input events -->
36    <uses-feature
36-->src/main/AndroidManifest.xml:30:5-32:36
37        android:name="android.hardware.type.pc"
37-->src/main/AndroidManifest.xml:31:9-48
38        android:required="false" />
38-->src/main/AndroidManifest.xml:32:9-33
39
40    <!-- Audio recording support -->
41    <!-- if you want to capture audio, uncomment this. -->
42    <!--
43         <uses-feature
44        android:name="android.hardware.microphone"
45        android:required="false" />
46    -->
47
48
49    <!-- Allow downloading to the external storage on Android 5.1 and older -->
50    <!-- <uses-permission android:name="android.permission.WRITE_EXTERNAL_STORAGE" android:maxSdkVersion="22" /> -->
51
52
53    <!-- Allow access to Bluetooth devices -->
54    <!-- Currently this is just for Steam Controller support and requires setting SDL_HINT_JOYSTICK_HIDAPI_STEAM -->
55    <!-- <uses-permission android:name="android.permission.BLUETOOTH" android:maxSdkVersion="30" /> -->
56    <!-- <uses-permission android:name="android.permission.BLUETOOTH_CONNECT" /> -->
57
58
59    <!-- Allow access to the vibrator -->
60    <uses-permission android:name="android.permission.VIBRATE" />
60-->src/main/AndroidManifest.xml:49:5-66
60-->src/main/AndroidManifest.xml:49:22-63
61    <uses-permission android:name="android.permission.INTERNET" />
61-->src/main/AndroidManifest.xml:50:5-67
61-->src/main/AndroidManifest.xml:50:22-64
62    <uses-permission android:name="android.permission.ACCESS_NETWORK_STATE" />
62-->src/main/AndroidManifest.xml:51:5-79
62-->src/main/AndroidManifest.xml:51:22-76
63
64    <!-- if you want to capture audio, uncomment this. -->
65    <!-- <uses-permission android:name="android.permission.RECORD_AUDIO" /> -->
66    <!--
67 Create a Java class extending SDLActivity and place it in a
68         directory under app/src/main/java matching the package, e.g. app/src/main/java/com/gamemaker/game/MyGame.java
69 
70         then replace "SDLActivity" with the name of your class (e.g. "MyGame")
71         in the XML below.
72
73         An example Java class can be found in README-android.md
74    -->
75    <application
75-->src/main/AndroidManifest.xml:64:5-100:19
76        android:allowBackup="true"
76-->src/main/AndroidManifest.xml:66:9-35
77        android:debuggable="true"
78        android:extractNativeLibs="true"
79        android:hardwareAccelerated="true"
79-->src/main/AndroidManifest.xml:68:9-43
80        android:icon="@mipmap/ic_launcher"
80-->src/main/AndroidManifest.xml:65:9-43
81        android:label="@string/app_name"
81-->src/main/AndroidManifest.xml:64:18-50
82        android:testOnly="true"
83        android:theme="@style/AppTheme" >
83-->src/main/AndroidManifest.xml:67:9-40
84
85        <!--
86        Example of setting SDL hints from AndroidManifest.xml:
87        <meta-data android:name="SDL_ENV.SDL_ACCELEROMETER_AS_JOYSTICK" android:value="0"/>
88        -->
89
90        <activity
90-->src/main/AndroidManifest.xml:74:9-99:20
91            android:name="org.libsdl.app.SDLActivity"
91-->src/main/AndroidManifest.xml:74:19-45
92            android:alwaysRetainTaskState="true"
92-->src/main/AndroidManifest.xml:76:13-49
93            android:configChanges="layoutDirection|locale|orientation|uiMode|screenLayout|screenSize|smallestScreenSize|keyboard|keyboardHidden|navigation"
93-->src/main/AndroidManifest.xml:79:13-156
94            android:exported="true"
94-->src/main/AndroidManifest.xml:81:13-36
95            android:label="@string/app_name"
95-->src/main/AndroidManifest.xml:75:13-45
96            android:launchMode="singleInstance"
96-->src/main/AndroidManifest.xml:77:13-48
97            android:preferMinimalPostProcessing="true"
97-->src/main/AndroidManifest.xml:80:13-55
98            android:screenOrientation="sensorLandscape" >
98-->src/main/AndroidManifest.xml:78:13-56
99            <intent-filter>
99-->src/main/AndroidManifest.xml:83:13-86:29
100                <action android:name="android.intent.action.MAIN" />
100-->src/main/AndroidManifest.xml:84:17-69
100-->src/main/AndroidManifest.xml:84:25-66
101
102                <category android:name="android.intent.category.LAUNCHER" />
102-->src/main/AndroidManifest.xml:85:17-77
102-->src/main/AndroidManifest.xml:85:27-74
103            </intent-filter>
104            <!-- Let Android know that we can handle some USB devices and should receive this event -->
105            <intent-filter>
105-->src/main/AndroidManifest.xml:88:13-90:29
106                <action android:name="android.hardware.usb.action.USB_DEVICE_ATTACHED" />
106-->src/main/AndroidManifest.xml:89:17-90
106-->src/main/AndroidManifest.xml:89:25-87
107            </intent-filter>
108            <!-- Drop file event -->
109            <!--
110            <intent-filter>
111                <action android:name="android.intent.action.VIEW" />
112                <category android:name="android.intent.category.DEFAULT" />
113                <data android:mimeType="*/*" />
114            </intent-filter>
115            -->
116        </activity>
117    </application>
118
119</manifest>